#
# There is insufficient memory for the Java Runtime Environment to continue.
# Native memory allocation (malloc) failed to allocate 1947312 bytes for Chunk::new
# Possible reasons:
#   The system is out of physical RAM or swap space
#   The process is running with CompressedOops enabled, and the Java Heap may be blocking the growth of the native heap
# Possible solutions:
#   Reduce memory load on the system
#   Increase physical memory or swap space
#   Check if swap backing store is full
#   Decrease Java heap size (-Xmx/-Xms)
#   Decrease number of Java threads
#   Decrease Java thread stack sizes (-Xss)
#   Set larger code cache with -XX:ReservedCodeCacheSize=
#   JVM is running with Zero Based Compressed Oops mode in which the Java heap is
#     placed in the first 32GB address space. The Java Heap base address is the
#     maximum limit for the native heap growth. Please use -XX:HeapBaseMinAddress
#     to set the Java Heap base and to place the Java Heap above 32GB virtual address.
# This output file may be truncated or incomplete.
#
#  Out of Memory Error (./open/src/hotspot/share/memory/arena.cpp:195), pid=3792, tid=17592
#
# JRE version: Java(TM) SE Runtime Environment (15.0.2+7) (build 15.0.2+7-27)
# Java VM: Java HotSpot(TM) 64-Bit Server VM (15.0.2+7-27, mixed mode, sharing, tiered, compressed oops, g1 gc, windows-amd64)
# No core dump will be written. Minidumps are not enabled by default on client versions of Windows
#

---------------  S U M M A R Y ------------

Command Line: -javaagent:C:\Users\SERGIO\AppData\Local\JetBrains\Toolbox\apps\IDEA-C\ch-0\212.5457.46\lib\idea_rt.jar=54106:C:\Users\SERGIO\AppData\Local\JetBrains\Toolbox\apps\IDEA-C\ch-0\212.5457.46\bin -Dfile.encoding=UTF-8 pe.edu.upc.Easyjob.EasyjobApplication

Host: AMD Ryzen 5 3500U with Radeon Vega Mobile Gfx  , 8 cores, 9G,  Windows 10 , 64 bit Build 17763 (10.0.17763.475)
Time: Wed Nov 17 19:35:50 2021 Hora est. Pacífico, Sudamérica elapsed time: 9032.675040 seconds (0d 2h 30m 32s)

---------------  T H R E A D  ---------------

Current thread (0x00000257b8455b10):  JavaThread "C2 CompilerThread0" daemon [_thread_in_native, id=17592, stack(0x0000008af7b00000,0x0000008af7c00000)]


Current CompileTask:
C2:9032675 13181       4       org.springframework.beans.factory.support.AbstractBeanFactory::getBeanPostProcessorCache (140 bytes)

Stack: [0x0000008af7b00000,0x0000008af7c00000]
Native frames: (J=compiled Java code, j=interpreted, Vv=VM code, C=native code)
V  [jvm.dll+0x62ae9a]
V  [jvm.dll+0x7817a9]
V  [jvm.dll+0x782f03]
V  [jvm.dll+0x783563]
V  [jvm.dll+0x216325]
V  [jvm.dll+0x97f3a]
V  [jvm.dll+0x9861c]
V  [jvm.dll+0x32e305]
V  [jvm.dll+0x2f768a]
V  [jvm.dll+0x2f6a4a]
V  [jvm.dll+0x1ea705]
V  [jvm.dll+0x1e996e]
V  [jvm.dll+0x178567]
V  [jvm.dll+0x1f9225]
V  [jvm.dll+0x1f72cc]
V  [jvm.dll+0x74495d]
V  [jvm.dll+0x73d75a]
V  [jvm.dll+0x629c56]
C  [ucrtbase.dll+0x2268a]
C  [KERNEL32.DLL+0x17974]
C  [ntdll.dll+0x5a0b1]


---------------  P R O C E S S  ---------------

Threads class SMR info:
_java_thread_list=0x00000257ba536220, length=19, elements={
0x00000257b843bad0, 0x00000257b843d170, 0x00000257b844ffc0, 0x00000257b8452890,
0x00000257b8453e10, 0x00000257b8455b10, 0x00000257b8456510, 0x00000257b8473a10,
0x00000257b8e89470, 0x00000257b92005b0, 0x00000257b9200a80, 0x00000257ba1d34c0,
0x00000257bb608020, 0x00000257bb6089c0, 0x00000257b98a20d0, 0x00000257b9415740,
0x00000257bd023b30, 0x00000257bd024000, 0x00000257bd0249a0
}

Java Threads: ( => current thread )
  0x00000257b843bad0 JavaThread "Reference Handler" daemon [_thread_blocked, id=16328, stack(0x0000008af7600000,0x0000008af7700000)]
  0x00000257b843d170 JavaThread "Finalizer" daemon [_thread_blocked, id=17840, stack(0x0000008af7700000,0x0000008af7800000)]
  0x00000257b844ffc0 JavaThread "Signal Dispatcher" daemon [_thread_blocked, id=14840, stack(0x0000008af7800000,0x0000008af7900000)]
  0x00000257b8452890 JavaThread "Attach Listener" daemon [_thread_blocked, id=9768, stack(0x0000008af7900000,0x0000008af7a00000)]
  0x00000257b8453e10 JavaThread "Service Thread" daemon [_thread_blocked, id=14748, stack(0x0000008af7a00000,0x0000008af7b00000)]
=>0x00000257b8455b10 JavaThread "C2 CompilerThread0" daemon [_thread_in_native, id=17592, stack(0x0000008af7b00000,0x0000008af7c00000)]
  0x00000257b8456510 JavaThread "C1 CompilerThread0" daemon [_thread_blocked, id=16992, stack(0x0000008af7c00000,0x0000008af7d00000)]
  0x00000257b8473a10 JavaThread "Sweeper thread" daemon [_thread_blocked, id=15016, stack(0x0000008af7d00000,0x0000008af7e00000)]
  0x00000257b8e89470 JavaThread "Common-Cleaner" daemon [_thread_blocked, id=10368, stack(0x0000008af7e00000,0x0000008af7f00000)]
  0x00000257b92005b0 JavaThread "Monitor Ctrl-Break" daemon [_thread_in_native, id=4712, stack(0x0000008af7f00000,0x0000008af8000000)]
  0x00000257b9200a80 JavaThread "Notification Thread" daemon [_thread_blocked, id=12516, stack(0x0000008af8000000,0x0000008af8100000)]
  0x00000257ba1d34c0 JavaThread "mysql-cj-abandoned-connection-cleanup" daemon [_thread_blocked, id=13188, stack(0x0000008af9100000,0x0000008af9200000)]
  0x00000257bb608020 JavaThread "Live Reload Server" daemon [_thread_in_native, id=16848, stack(0x0000008af9600000,0x0000008af9700000)]
  0x00000257bb6089c0 JavaThread "DestroyJavaVM" [_thread_blocked, id=9544, stack(0x0000008af6f00000,0x0000008af7000000)]
  0x00000257b98a20d0 JavaThread "Thread-5" [_thread_blocked, id=10332, stack(0x0000008af9e00000,0x0000008af9f00000)]
  0x00000257b9415740 JavaThread "restartedMain" [_thread_in_native, id=19384, stack(0x0000008af6d00000,0x0000008af6e00000)]
  0x00000257bd023b30 JavaThread "Catalina-utility-1" [_thread_blocked, id=12052, stack(0x0000008af6e00000,0x0000008af6f00000)]
  0x00000257bd024000 JavaThread "Catalina-utility-2" [_thread_blocked, id=2648, stack(0x0000008af8200000,0x0000008af8300000)]
  0x00000257bd0249a0 JavaThread "container-0" [_thread_blocked, id=3876, stack(0x0000008af8500000,0x0000008af8600000)]

Other Threads:
  0x00000257b8439380 VMThread "VM Thread" [stack: 0x0000008af7500000,0x0000008af7600000] [id=10400]
  0x0000025798616280 WatcherThread [stack: 0x0000008af8100000,0x0000008af8200000] [id=3760]
  0x0000025798651970 GCTaskThread "GC Thread#0" [stack: 0x0000008af7000000,0x0000008af7100000] [id=17304]
  0x00000257b93389a0 GCTaskThread "GC Thread#1" [stack: 0x0000008af8300000,0x0000008af8400000] [id=11420]
  0x00000257b9338670 GCTaskThread "GC Thread#2" [stack: 0x0000008af8400000,0x0000008af8500000] [id=3456]
  0x00000257b9336030 GCTaskThread "GC Thread#3" [stack: 0x0000008af8800000,0x0000008af8900000] [id=10140]
  0x00000257b9338010 GCTaskThread "GC Thread#4" [stack: 0x0000008af8900000,0x0000008af8a00000] [id=15488]
  0x00000257b9338340 GCTaskThread "GC Thread#5" [stack: 0x0000008af8a00000,0x0000008af8b00000] [id=15980]
  0x00000257b9338cd0 GCTaskThread "GC Thread#6" [stack: 0x0000008af8b00000,0x0000008af8c00000] [id=1996]
  0x00000257b9337680 GCTaskThread "GC Thread#7" [stack: 0x0000008af8c00000,0x0000008af8d00000] [id=17176]
  0x000002579865da70 ConcurrentGCThread "G1 Main Marker" [stack: 0x0000008af7100000,0x0000008af7200000] [id=17232]
  0x000002579865f1b0 ConcurrentGCThread "G1 Conc#0" [stack: 0x0000008af7200000,0x0000008af7300000] [id=1324]
  0x00000257b9336690 ConcurrentGCThread "G1 Conc#1" [stack: 0x0000008af8700000,0x0000008af8800000] [id=17760]
  0x00000257b82b20a0 ConcurrentGCThread "G1 Refine#0" [stack: 0x0000008af7300000,0x0000008af7400000] [id=17764]
  0x00000257beda93c0 ConcurrentGCThread "G1 Refine#1" [stack: 0x0000008af6c00000,0x0000008af6d00000] [id=8036]
  0x00000257beda6ea0 ConcurrentGCThread "G1 Refine#2" [stack: 0x0000008af9b00000,0x0000008af9c00000] [id=17756]
  0x00000257beda7200 ConcurrentGCThread "G1 Refine#3" [stack: 0x0000008af9c00000,0x0000008af9d00000] [id=9624]
  0x00000257beda7c20 ConcurrentGCThread "G1 Refine#4" [stack: 0x0000008af9d00000,0x0000008af9e00000] [id=17800]
  0x00000257b82b2ab0 ConcurrentGCThread "G1 Young RemSet Sampling" [stack: 0x0000008af7400000,0x0000008af7500000] [id=11936]

Threads with active compile tasks:
C2 CompilerThread0  9032781 13181       4       org.springframework.beans.factory.support.AbstractBeanFactory::getBeanPostProcessorCache (140 bytes)

VM state: not at safepoint (normal execution)

VM Mutex/Monitor currently owned by a thread: None

Heap address: 0x0000000760e00000, size: 2546 MB, Compressed Oops mode: Zero based, Oop shift amount: 3
CDS archive(s) mapped at: [0x0000000800000000-0x0000000800b50000-0x0000000800b50000), size 11862016, SharedBaseAddress: 0x0000000800000000, ArchiveRelocationMode: 0.
Compressed class space mapped at: 0x0000000800b50000-0x0000000840b50000, size: 1073741824
Narrow klass base: 0x0000000800000000, Narrow klass shift: 3, Narrow klass range: 0x100000000

GC Precious Log:
 CPUs: 8 total, 8 available
 Memory: 10178M
 Large Page Support: Disabled
 NUMA Support: Disabled
 Compressed Oops: Enabled (Zero based)
 Heap Region Size: 2M
 Heap Min Capacity: 8M
 Heap Initial Capacity: 160M
 Heap Max Capacity: 2546M
 Pre-touch: Disabled
 Parallel Workers: 8
 Concurrent Workers: 2
 Concurrent Refinement Workers: 8
 Periodic GC: Disabled

Heap:
 garbage-first heap   total 65536K, used 30937K [0x0000000760e00000, 0x0000000800000000)
  region size 2048K, 4 young (8192K), 1 survivors (2048K)
 Metaspace       used 74008K, capacity 74950K, committed 75264K, reserved 1116160K
  class space    used 9036K, capacity 9345K, committed 9472K, reserved 1048576K

Heap Regions: E=young(eden), S=young(survivor), O=old, HS=humongous(starts), HC=humongous(continues), CS=collection set, F=free, OA=open archive, CA=closed archive, TAMS=top-at-mark-start (previous, next)
|   0|0x0000000760e00000, 0x0000000760fcdea8, 0x0000000761000000| 90%| O|  |TAMS 0x0000000760e00000, 0x0000000760e00000| Untracked 
|   1|0x0000000761000000, 0x00000007611ffff8, 0x0000000761200000| 99%| O|  |TAMS 0x0000000761000000, 0x0000000761000000| Untracked 
|   2|0x0000000761200000, 0x00000007613fc8d0, 0x0000000761400000| 99%| O|  |TAMS 0x0000000761200000, 0x0000000761200000| Untracked 
|   3|0x0000000761400000, 0x00000007615ffff0, 0x0000000761600000| 99%| O|  |TAMS 0x0000000761400000, 0x0000000761400000| Untracked 
|   4|0x0000000761600000, 0x00000007617ffff8, 0x0000000761800000| 99%| O|  |TAMS 0x0000000761600000, 0x0000000761600000| Untracked 
|   5|0x0000000761800000, 0x00000007619fbe30, 0x0000000761a00000| 99%| O|  |TAMS 0x0000000761800000, 0x0000000761800000| Untracked 
|   6|0x0000000761a00000, 0x0000000761bffff8, 0x0000000761c00000| 99%| O|  |TAMS 0x0000000761a00000, 0x0000000761a00000| Untracked 
|   7|0x0000000761c00000, 0x0000000761dfff20, 0x0000000761e00000| 99%| O|  |TAMS 0x0000000761c00000, 0x0000000761c00000| Untracked 
|   8|0x0000000761e00000, 0x0000000761ffebe0, 0x0000000762000000| 99%| O|  |TAMS 0x0000000761e00000, 0x0000000761e00000| Untracked 
|   9|0x0000000762000000, 0x00000007621fffd8, 0x0000000762200000| 99%| O|  |TAMS 0x0000000762000000, 0x0000000762000000| Untracked 
|  10|0x0000000762200000, 0x00000007623df168, 0x0000000762400000| 93%| O|  |TAMS 0x0000000762200000, 0x0000000762200000| Untracked 
|  11|0x0000000762400000, 0x00000007624e0388, 0x0000000762600000| 43%| O|  |TAMS 0x0000000762400000, 0x0000000762400000| Untracked 
|  12|0x0000000762600000, 0x0000000762800000, 0x0000000762800000|100%| O|  |TAMS 0x0000000762600000, 0x0000000762600000| Untracked 
|  13|0x0000000762800000, 0x00000007628a7e00, 0x0000000762a00000| 32%| O|  |TAMS 0x0000000762800000, 0x0000000762800000| Untracked 
|  14|0x0000000762a00000, 0x0000000762a00000, 0x0000000762c00000|  0%| F|  |TAMS 0x0000000762a00000, 0x0000000762a00000| Untracked 
|  15|0x0000000762c00000, 0x0000000762c00000, 0x0000000762e00000|  0%| F|  |TAMS 0x0000000762c00000, 0x0000000762c00000| Untracked 
|  16|0x0000000762e00000, 0x0000000762e00000, 0x0000000763000000|  0%| F|  |TAMS 0x0000000762e00000, 0x0000000762e00000| Untracked 
|  17|0x0000000763000000, 0x0000000763000000, 0x0000000763200000|  0%| F|  |TAMS 0x0000000763000000, 0x0000000763000000| Untracked 
|  18|0x0000000763200000, 0x0000000763200000, 0x0000000763400000|  0%| F|  |TAMS 0x0000000763200000, 0x0000000763200000| Untracked 
|  19|0x0000000763400000, 0x0000000763400000, 0x0000000763600000|  0%| F|  |TAMS 0x0000000763400000, 0x0000000763400000| Untracked 
|  20|0x0000000763600000, 0x000000076370a0e8, 0x0000000763800000| 51%| S|CS|TAMS 0x0000000763600000, 0x0000000763600000| Complete 
|  21|0x0000000763800000, 0x0000000763800000, 0x0000000763a00000|  0%| F|  |TAMS 0x0000000763800000, 0x0000000763800000| Untracked 
|  22|0x0000000763a00000, 0x0000000763a00000, 0x0000000763c00000|  0%| F|  |TAMS 0x0000000763a00000, 0x0000000763a00000| Untracked 
|  23|0x0000000763c00000, 0x0000000763c00000, 0x0000000763e00000|  0%| F|  |TAMS 0x0000000763c00000, 0x0000000763c00000| Untracked 
|  24|0x0000000763e00000, 0x0000000763e00000, 0x0000000764000000|  0%| F|  |TAMS 0x0000000763e00000, 0x0000000763e00000| Untracked 
|  25|0x0000000764000000, 0x0000000764000000, 0x0000000764200000|  0%| F|  |TAMS 0x0000000764000000, 0x0000000764000000| Untracked 
|  26|0x0000000764200000, 0x0000000764200000, 0x0000000764400000|  0%| F|  |TAMS 0x0000000764200000, 0x0000000764200000| Untracked 
|  27|0x0000000764400000, 0x0000000764400000, 0x0000000764600000|  0%| F|  |TAMS 0x0000000764400000, 0x0000000764400000| Untracked 
|  39|0x0000000765c00000, 0x0000000765c00000, 0x0000000765e00000|  0%| F|  |TAMS 0x0000000765c00000, 0x0000000765c00000| Untracked 
|  40|0x0000000765e00000, 0x0000000765f0e858, 0x0000000766000000| 52%| E|  |TAMS 0x0000000765e00000, 0x0000000765e00000| Complete 
|  41|0x0000000766000000, 0x0000000766200000, 0x0000000766200000|100%| E|CS|TAMS 0x0000000766000000, 0x0000000766000000| Complete 
|  79|0x000000076ac00000, 0x000000076ae00000, 0x000000076ae00000|100%| E|CS|TAMS 0x000000076ac00000, 0x000000076ac00000| Complete 

Card table byte_map: [0x00000257b0060000,0x00000257b0560000] _byte_map_base: 0x00000257ac559000

Marking Bits (Prev, Next): (CMBitMap*) 0x0000025798653140, (CMBitMap*) 0x0000025798653100
 Prev Bits: [0x00000257b3230000, 0x00000257b59f8000)
 Next Bits: [0x00000257b0a60000, 0x00000257b3228000)

Polling page: 0x00000257965e0000

Metaspace:

Usage:
  Non-class:     64.07 MB capacity,    63.45 MB (>99%) used,   516.98 KB ( <1%) free+waste,   116.50 KB ( <1%) overhead. 
      Class:      9.13 MB capacity,     8.82 MB ( 97%) used,   262.94 KB (  3%) free+waste,    45.38 KB ( <1%) overhead. 
       Both:     73.19 MB capacity,    72.27 MB ( 99%) used,   779.92 KB (  1%) free+waste,   161.88 KB ( <1%) overhead. 

Virtual space:
  Non-class space:       66.00 MB reserved,      64.25 MB ( 97%) committed 
      Class space:        1.00 GB reserved,       9.25 MB ( <1%) committed 
             Both:        1.06 GB reserved,      73.50 MB (  7%) committed 

Chunk freelists:
   Non-Class:  3.00 KB
       Class:  0 bytes
        Both:  3.00 KB

MaxMetaspaceSize: 17179869184.00 GB
CompressedClassSpaceSize: 1.00 GB

CodeHeap 'non-profiled nmethods': size=120000Kb used=10348Kb max_used=10348Kb free=109652Kb
 bounds [0x00000257a8300000, 0x00000257a8d30000, 0x00000257af830000]
CodeHeap 'profiled nmethods': size=120000Kb used=18144Kb max_used=21471Kb free=101855Kb
 bounds [0x00000257a0dd0000, 0x00000257a2300000, 0x00000257a8300000]
CodeHeap 'non-nmethods': size=5760Kb used=1357Kb max_used=1441Kb free=4402Kb
 bounds [0x00000257a0830000, 0x00000257a0aa0000, 0x00000257a0dd0000]
 total_blobs=10997 nmethods=10341 adapters=567
 compilation: enabled
              stopped_count=0, restarted_count=0
 full_count=0

Compilation events (20 events):
Event: 9032.613 Thread 0x00000257b8456510 nmethod 13202 0x00000257a1c4aa10 code [0x00000257a1c4ac20, 0x00000257a1c4b368]
Event: 9032.613 Thread 0x00000257b8456510 13200       3       org.springframework.boot.context.properties.source.ConfigurationPropertyName::append (30 bytes)
Event: 9032.614 Thread 0x00000257b8456510 nmethod 13200 0x00000257a1da5090 code [0x00000257a1da52a0, 0x00000257a1da5978]
Event: 9032.614 Thread 0x00000257b8456510 13201       3       org.springframework.boot.context.properties.source.ConfigurationPropertyName::probablySingleElementOf (7 bytes)
Event: 9032.614 Thread 0x00000257b8456510 nmethod 13201 0x00000257a21e2090 code [0x00000257a21e2220, 0x00000257a21e2328]
Event: 9032.620 Thread 0x00000257b8456510 13203   !   3       jdk.internal.reflect.GeneratedMethodAccessor242::invoke (63 bytes)
Event: 9032.621 Thread 0x00000257b8456510 nmethod 13203 0x00000257a1dc7b10 code [0x00000257a1dc7d40, 0x00000257a1dc8438]
Event: 9032.622 Thread 0x00000257b8456510 13205       3       org.springframework.boot.context.properties.bind.JavaBeanBinder$Bean$$Lambda$216/0x0000000800c69f90::accept (12 bytes)
Event: 9032.622 Thread 0x00000257b8456510 nmethod 13205 0x00000257a209b790 code [0x00000257a209b960, 0x00000257a209be08]
Event: 9032.623 Thread 0x00000257b8456510 13206       3       org.springframework.boot.context.properties.bind.JavaBeanBinder$BeanProperty::addSetter (21 bytes)
Event: 9032.623 Thread 0x00000257b8456510 nmethod 13206 0x00000257a1826110 code [0x00000257a1826300, 0x00000257a18269e8]
Event: 9032.625 Thread 0x00000257b8456510 13207       3       jdk.internal.loader.BuiltinClassLoader::findResources (182 bytes)
Event: 9032.628 Thread 0x00000257b8456510 nmethod 13207 0x00000257a1e93a90 code [0x00000257a1e93ec0, 0x00000257a1e962e8]
Event: 9032.629 Thread 0x00000257b8456510 13208       3       org.springframework.beans.AbstractPropertyAccessor::<init> (20 bytes)
Event: 9032.630 Thread 0x00000257b8456510 nmethod 13208 0x00000257a21eb010 code [0x00000257a21eb1c0, 0x00000257a21eb3f8]
Event: 9032.634 Thread 0x00000257b8456510 13209       3       org.springframework.core.convert.TypeDescriptor::equals (113 bytes)
Event: 9032.635 Thread 0x00000257b8456510 nmethod 13209 0x00000257a17acc90 code [0x00000257a17acf40, 0x00000257a17ae0e8]
Event: 9032.635 Thread 0x00000257b8456510 13210       3       org.springframework.beans.factory.BeanFactoryUtils::beanNamesForTypeIncludingAncestors (75 bytes)
Event: 9032.636 Thread 0x00000257b8456510 nmethod 13210 0x00000257a1ee4f10 code [0x00000257a1ee5140, 0x00000257a1ee5b98]
Event: 9032.649 Thread 0x00000257b8456510 13212   !   3       org.springframework.beans.factory.support.AbstractAutowireCapableBeanFactory::applyPropertyValues (534 bytes)

GC Heap History (20 events):
Event: 9023.360 GC heap before
{Heap before GC invocations=657 (full 0):
 garbage-first heap   total 65536K, used 52332K [0x0000000760e00000, 0x0000000800000000)
  region size 2048K, 11 young (22528K), 1 survivors (2048K)
 Metaspace       used 73208K, capacity 74078K, committed 74368K, reserved 1114112K
  class space    used 8963K, capacity 9238K, committed 9344K, reserved 1048576K
}
Event: 9023.361 GC heap after
{Heap after GC invocations=658 (full 0):
 garbage-first heap   total 65536K, used 31856K [0x0000000760e00000, 0x0000000800000000)
  region size 2048K, 1 young (2048K), 1 survivors (2048K)
 Metaspace       used 73208K, capacity 74078K, committed 74368K, reserved 1114112K
  class space    used 8963K, capacity 9238K, committed 9344K, reserved 1048576K
}
Event: 9023.897 GC heap before
{Heap before GC invocations=658 (full 0):
 garbage-first heap   total 65536K, used 50288K [0x0000000760e00000, 0x0000000800000000)
  region size 2048K, 11 young (22528K), 1 survivors (2048K)
 Metaspace       used 73208K, capacity 74078K, committed 74368K, reserved 1114112K
  class space    used 8963K, capacity 9238K, committed 9344K, reserved 1048576K
}
Event: 9023.898 GC heap after
{Heap after GC invocations=659 (full 0):
 garbage-first heap   total 65536K, used 31847K [0x0000000760e00000, 0x0000000800000000)
  region size 2048K, 1 young (2048K), 1 survivors (2048K)
 Metaspace       used 73208K, capacity 74078K, committed 74368K, reserved 1114112K
  class space    used 8963K, capacity 9238K, committed 9344K, reserved 1048576K
}
Event: 9024.356 GC heap before
{Heap before GC invocations=659 (full 0):
 garbage-first heap   total 65536K, used 52327K [0x0000000760e00000, 0x0000000800000000)
  region size 2048K, 11 young (22528K), 1 survivors (2048K)
 Metaspace       used 73208K, capacity 74078K, committed 74368K, reserved 1114112K
  class space    used 8963K, capacity 9238K, committed 9344K, reserved 1048576K
}
Event: 9024.357 GC heap after
{Heap after GC invocations=660 (full 0):
 garbage-first heap   total 65536K, used 31877K [0x0000000760e00000, 0x0000000800000000)
  region size 2048K, 1 young (2048K), 1 survivors (2048K)
 Metaspace       used 73208K, capacity 74078K, committed 74368K, reserved 1114112K
  class space    used 8963K, capacity 9238K, committed 9344K, reserved 1048576K
}
Event: 9024.898 GC heap before
{Heap before GC invocations=660 (full 0):
 garbage-first heap   total 65536K, used 52357K [0x0000000760e00000, 0x0000000800000000)
  region size 2048K, 11 young (22528K), 1 survivors (2048K)
 Metaspace       used 73208K, capacity 74078K, committed 74368K, reserved 1114112K
  class space    used 8963K, capacity 9238K, committed 9344K, reserved 1048576K
}
Event: 9024.899 GC heap after
{Heap after GC invocations=661 (full 0):
 garbage-first heap   total 65536K, used 31841K [0x0000000760e00000, 0x0000000800000000)
  region size 2048K, 1 young (2048K), 1 survivors (2048K)
 Metaspace       used 73208K, capacity 74078K, committed 74368K, reserved 1114112K
  class space    used 8963K, capacity 9238K, committed 9344K, reserved 1048576K
}
Event: 9025.353 GC heap before
{Heap before GC invocations=661 (full 0):
 garbage-first heap   total 65536K, used 52321K [0x0000000760e00000, 0x0000000800000000)
  region size 2048K, 11 young (22528K), 1 survivors (2048K)
 Metaspace       used 73208K, capacity 74078K, committed 74368K, reserved 1114112K
  class space    used 8963K, capacity 9238K, committed 9344K, reserved 1048576K
}
Event: 9025.354 GC heap after
{Heap after GC invocations=662 (full 0):
 garbage-first heap   total 65536K, used 31890K [0x0000000760e00000, 0x0000000800000000)
  region size 2048K, 1 young (2048K), 1 survivors (2048K)
 Metaspace       used 73208K, capacity 74078K, committed 74368K, reserved 1114112K
  class space    used 8963K, capacity 9238K, committed 9344K, reserved 1048576K
}
Event: 9025.810 GC heap before
{Heap before GC invocations=662 (full 0):
 garbage-first heap   total 65536K, used 52370K [0x0000000760e00000, 0x0000000800000000)
  region size 2048K, 11 young (22528K), 1 survivors (2048K)
 Metaspace       used 73208K, capacity 74078K, committed 74368K, reserved 1114112K
  class space    used 8963K, capacity 9238K, committed 9344K, reserved 1048576K
}
Event: 9025.811 GC heap after
{Heap after GC invocations=663 (full 0):
 garbage-first heap   total 65536K, used 31862K [0x0000000760e00000, 0x0000000800000000)
  region size 2048K, 1 young (2048K), 1 survivors (2048K)
 Metaspace       used 73208K, capacity 74078K, committed 74368K, reserved 1114112K
  class space    used 8963K, capacity 9238K, committed 9344K, reserved 1048576K
}
Event: 9028.384 GC heap before
{Heap before GC invocations=663 (full 0):
 garbage-first heap   total 65536K, used 48246K [0x0000000760e00000, 0x0000000800000000)
  region size 2048K, 10 young (20480K), 1 survivors (2048K)
 Metaspace       used 73324K, capacity 74183K, committed 74368K, reserved 1114112K
  class space    used 8984K, capacity 9273K, committed 9344K, reserved 1048576K
}
Event: 9029.113 GC heap after
{Heap after GC invocations=664 (full 1):
 garbage-first heap   total 65536K, used 23057K [0x0000000760e00000, 0x0000000800000000)
  region size 2048K, 0 young (0K), 0 survivors (0K)
 Metaspace       used 73322K, capacity 74180K, committed 74368K, reserved 1114112K
  class space    used 8983K, capacity 9272K, committed 9344K, reserved 1048576K
}
Event: 9030.590 GC heap before
{Heap before GC invocations=664 (full 1):
 garbage-first heap   total 65536K, used 51729K [0x0000000760e00000, 0x0000000800000000)
  region size 2048K, 15 young (30720K), 0 survivors (0K)
 Metaspace       used 73886K, capacity 74879K, committed 74880K, reserved 1114112K
  class space    used 9034K, capacity 9344K, committed 9344K, reserved 1048576K
}
Event: 9030.596 GC heap after
{Heap after GC invocations=665 (full 1):
 garbage-first heap   total 65536K, used 25810K [0x0000000760e00000, 0x0000000800000000)
  region size 2048K, 2 young (4096K), 2 survivors (4096K)
 Metaspace       used 73886K, capacity 74879K, committed 74880K, reserved 1114112K
  class space    used 9034K, capacity 9344K, committed 9344K, reserved 1048576K
}
Event: 9030.801 GC heap before
{Heap before GC invocations=665 (full 1):
 garbage-first heap   total 65536K, used 48338K [0x0000000760e00000, 0x0000000800000000)
  region size 2048K, 14 young (28672K), 2 survivors (4096K)
 Metaspace       used 73950K, capacity 74879K, committed 74880K, reserved 1114112K
  class space    used 9035K, capacity 9344K, committed 9344K, reserved 1048576K
}
Event: 9030.807 GC heap after
{Heap after GC invocations=666 (full 1):
 garbage-first heap   total 65536K, used 26910K [0x0000000760e00000, 0x0000000800000000)
  region size 2048K, 1 young (2048K), 1 survivors (2048K)
 Metaspace       used 73950K, capacity 74879K, committed 74880K, reserved 1114112K
  class space    used 9035K, capacity 9344K, committed 9344K, reserved 1048576K
}
Event: 9032.594 GC heap before
{Heap before GC invocations=666 (full 1):
 garbage-first heap   total 65536K, used 47390K [0x0000000760e00000, 0x0000000800000000)
  region size 2048K, 12 young (24576K), 1 survivors (2048K)
 Metaspace       used 73980K, capacity 74879K, committed 74880K, reserved 1114112K
  class space    used 9036K, capacity 9344K, committed 9344K, reserved 1048576K
}
Event: 9032.596 GC heap after
{Heap after GC invocations=667 (full 1):
 garbage-first heap   total 65536K, used 26841K [0x0000000760e00000, 0x0000000800000000)
  region size 2048K, 1 young (2048K), 1 survivors (2048K)
 Metaspace       used 73980K, capacity 74879K, committed 74880K, reserved 1114112K
  class space    used 9036K, capacity 9344K, committed 9344K, reserved 1048576K
}

Deoptimization events (20 events):
Event: 9032.575 Thread 0x00000257b9415740 DEOPT PACKING pc=0x00000257a8aa1090 sp=0x0000008af6dfd850
Event: 9032.575 Thread 0x00000257b9415740 DEOPT UNPACKING pc=0x00000257a087e42f sp=0x0000008af6dfd810 mode 2
Event: 9032.577 Thread 0x00000257b9415740 Uncommon trap: trap_request=0xffffff45 fr.pc=0x00000257a84e0ff8 relative=0x0000000000000e78
Event: 9032.577 Thread 0x00000257b9415740 Uncommon trap: reason=unstable_if action=reinterpret pc=0x00000257a84e0ff8 method=java.util.concurrent.ScheduledThreadPoolExecutor$DelayedWorkQueue.offer(Ljava/lang/Runnable;)Z @ 56 c2
Event: 9032.577 Thread 0x00000257b9415740 DEOPT PACKING pc=0x00000257a84e0ff8 sp=0x0000008af6dfde90
Event: 9032.577 Thread 0x00000257b9415740 DEOPT UNPACKING pc=0x00000257a087e42f sp=0x0000008af6dfddc0 mode 2
Event: 9032.577 Thread 0x00000257b9415740 Uncommon trap: trap_request=0xffffff45 fr.pc=0x00000257a833d4fc relative=0x000000000000007c
Event: 9032.577 Thread 0x00000257b9415740 Uncommon trap: reason=unstable_if action=reinterpret pc=0x00000257a833d4fc method=java.util.concurrent.ThreadPoolExecutor.ensurePrestart()V @ 16 c2
Event: 9032.577 Thread 0x00000257b9415740 DEOPT PACKING pc=0x00000257a833d4fc sp=0x0000008af6dfdf10
Event: 9032.577 Thread 0x00000257b9415740 DEOPT UNPACKING pc=0x00000257a087e42f sp=0x0000008af6dfdea0 mode 2
Event: 9032.612 Thread 0x00000257b9415740 DEOPT PACKING pc=0x00000257a0ea9ad5 sp=0x0000008af6dfc420
Event: 9032.612 Thread 0x00000257b9415740 DEOPT UNPACKING pc=0x00000257a087e23f sp=0x0000008af6dfb8f8 mode 0
Event: 9032.651 Thread 0x00000257b9415740 Uncommon trap: trap_request=0xffffffde fr.pc=0x00000257a8a7e8ac relative=0x000000000000010c
Event: 9032.651 Thread 0x00000257b9415740 Uncommon trap: reason=class_check action=maybe_recompile pc=0x00000257a8a7e8ac method=org.springframework.util.ObjectUtils.isEmpty(Ljava/lang/Object;)Z @ 78 c2
Event: 9032.651 Thread 0x00000257b9415740 DEOPT PACKING pc=0x00000257a8a7e8ac sp=0x0000008af6dfd2f0
Event: 9032.651 Thread 0x00000257b9415740 DEOPT UNPACKING pc=0x00000257a087e42f sp=0x0000008af6dfd290 mode 2
Event: 9032.652 Thread 0x00000257b9415740 Uncommon trap: trap_request=0xffffff45 fr.pc=0x00000257a8a5815c relative=0x00000000000048bc
Event: 9032.652 Thread 0x00000257b9415740 Uncommon trap: reason=unstable_if action=reinterpret pc=0x00000257a8a5815c method=org.springframework.core.NestedExceptionUtils.buildMessage(Ljava/lang/String;Ljava/lang/Throwable;)Ljava/lang/String; @ 1 c2
Event: 9032.652 Thread 0x00000257b9415740 DEOPT PACKING pc=0x00000257a8a5815c sp=0x0000008af6dfd2a0
Event: 9032.652 Thread 0x00000257b9415740 DEOPT UNPACKING pc=0x00000257a087e42f sp=0x0000008af6dfd158 mode 2

Classes unloaded (20 events):
Event: 2792.498 Thread 0x00000257b8439380 Unloading class 0x0000000800c42c40 'java/lang/invoke/LambdaForm$MH+0x0000000800c42c40'
Event: 2792.498 Thread 0x00000257b8439380 Unloading class 0x0000000800bfd040 'java/lang/invoke/LambdaForm$MH+0x0000000800bfd040'
Event: 2792.498 Thread 0x00000257b8439380 Unloading class 0x0000000800bfd840 'java/lang/invoke/LambdaForm$MH+0x0000000800bfd840'
Event: 2792.498 Thread 0x00000257b8439380 Unloading class 0x0000000800bfe440 'java/lang/invoke/LambdaForm$MH+0x0000000800bfe440'
Event: 2792.498 Thread 0x00000257b8439380 Unloading class 0x0000000800bfe040 'java/lang/invoke/LambdaForm$MH+0x0000000800bfe040'
Event: 2792.498 Thread 0x00000257b8439380 Unloading class 0x0000000800bfec40 'java/lang/invoke/LambdaForm$MH+0x0000000800bfec40'
Event: 2792.498 Thread 0x00000257b8439380 Unloading class 0x0000000800bfe840 'java/lang/invoke/LambdaForm$MH+0x0000000800bfe840'
Event: 2792.498 Thread 0x00000257b8439380 Unloading class 0x0000000800bff440 'java/lang/invoke/LambdaForm$MH+0x0000000800bff440'
Event: 2792.498 Thread 0x00000257b8439380 Unloading class 0x0000000800bff040 'java/lang/invoke/LambdaForm$MH+0x0000000800bff040'
Event: 2792.498 Thread 0x00000257b8439380 Unloading class 0x0000000800bffc40 'java/lang/invoke/LambdaForm$MH+0x0000000800bffc40'
Event: 2792.498 Thread 0x00000257b8439380 Unloading class 0x0000000800bf8c40 'java/lang/invoke/LambdaForm$MH+0x0000000800bf8c40'
Event: 3016.979 Thread 0x00000257b8439380 Unloading class 0x0000000801437c40 'jdk/internal/reflect/GeneratedMethodAccessor135'
Event: 3813.082 Thread 0x00000257b8439380 Unloading class 0x00000008012f8840 'jdk/internal/reflect/GeneratedMethodAccessor51'
Event: 4085.037 Thread 0x00000257b8439380 Unloading class 0x0000000800c7f040 'jdk/internal/reflect/GeneratedConstructorAccessor3'
Event: 4334.195 Thread 0x00000257b8439380 Unloading class 0x0000000800e61040 'jdk/internal/reflect/GeneratedConstructorAccessor27'
Event: 6672.858 Thread 0x00000257b8439380 Unloading class 0x0000000800c42c40 'jdk/internal/reflect/GeneratedConstructorAccessor69'
Event: 6672.858 Thread 0x00000257b8439380 Unloading class 0x0000000801447840 'jdk/internal/reflect/GeneratedConstructorAccessor64'
Event: 6672.859 Thread 0x00000257b8439380 Unloading class 0x0000000801444c40 'jdk/internal/reflect/GeneratedConstructorAccessor63'
Event: 7619.457 Thread 0x00000257b8439380 Unloading class 0x0000000801447c40 'jdk/internal/reflect/GeneratedMethodAccessor159'
Event: 9028.413 Thread 0x00000257b8439380 Unloading class 0x0000000801443040 'jdk/internal/reflect/GeneratedMethodAccessor158'

Classes redefined (0 events):
No events

Internal exceptions (20 events):
Event: 9028.368 Thread 0x00000257b98a25a0 Exception <a 'java/io/IOException'{0x0000000763d27978}> (0x0000000763d27978) 
thrown [./open/src/hotspot/share/prims/jni.cpp, line 578]
Event: 9028.368 Thread 0x00000257b98a25a0 Exception <a 'java/io/IOException'{0x0000000763d28288}> (0x0000000763d28288) 
thrown [./open/src/hotspot/share/prims/jni.cpp, line 578]
Event: 9028.368 Thread 0x00000257b98a25a0 Exception <a 'java/io/IOException'{0x0000000763d29c10}> (0x0000000763d29c10) 
thrown [./open/src/hotspot/share/prims/jni.cpp, line 578]
Event: 9028.369 Thread 0x00000257b98a25a0 Exception <a 'java/io/IOException'{0x0000000763d2a520}> (0x0000000763d2a520) 
thrown [./open/src/hotspot/share/prims/jni.cpp, line 578]
Event: 9029.182 Thread 0x00000257b9415740 Exception <a 'java/io/FileNotFoundException'{0x000000076ac9faa0}> (0x000000076ac9faa0) 
thrown [./open/src/hotspot/share/prims/jni.cpp, line 578]
Event: 9029.247 Thread 0x00000257b9415740 Implicit null exception at 0x00000257a8596edf to 0x00000257a859717c
Event: 9030.531 Thread 0x00000257b9415740 Exception <a 'java/lang/NoClassDefFoundError'{0x0000000763106e40}: org/flywaydb/core/Flyway> (0x0000000763106e40) 
thrown [./open/src/hotspot/share/oops/constantPool.cpp, line 804]
Event: 9030.532 Thread 0x00000257b9415740 Exception <a 'java/lang/NoClassDefFoundError'{0x0000000763107168}: liquibase/integration/spring/SpringLiquibase> (0x0000000763107168) 
thrown [./open/src/hotspot/share/oops/constantPool.cpp, line 804]
Event: 9030.568 Thread 0x00000257b9415740 Exception <a 'java/lang/NoClassDefFoundError'{0x00000007631a03c8}: org/jooq/DSLContext> (0x00000007631a03c8) 
thrown [./open/src/hotspot/share/oops/constantPool.cpp, line 804]
Event: 9030.570 Thread 0x00000257b9415740 Exception <a 'java/lang/NoClassDefFoundError'{0x00000007631ab9a8}: org/springframework/batch/core/repository/JobRepository> (0x00000007631ab9a8) 
thrown [./open/src/hotspot/share/oops/constantPool.cpp, line 804]
Event: 9030.570 Thread 0x00000257b9415740 Exception <a 'java/lang/NoClassDefFoundError'{0x00000007631abce0}: org/quartz/Scheduler> (0x00000007631abce0) 
thrown [./open/src/hotspot/share/oops/constantPool.cpp, line 804]
Event: 9030.570 Thread 0x00000257b9415740 Exception <a 'java/lang/NoClassDefFoundError'{0x00000007631ac018}: org/springframework/session/jdbc/JdbcIndexedSessionRepository> (0x00000007631ac018) 
thrown [./open/src/hotspot/share/oops/constantPool.cpp, line 804]
Event: 9030.615 Thread 0x00000257b9415740 Implicit null exception at 0x00000257a85776de to 0x00000257a857943b
Event: 9030.658 Thread 0x00000257b9415740 Implicit null exception at 0x00000257a8aa1d05 to 0x00000257a8aa2184
Event: 9031.078 Thread 0x00000257b9415740 Exception <a 'sun/nio/fs/WindowsException'{0x0000000763b6dca8}> (0x0000000763b6dca8) 
thrown [./open/src/hotspot/share/prims/jni.cpp, line 578]
Event: 9031.078 Thread 0x00000257b9415740 Exception <a 'sun/nio/fs/WindowsException'{0x0000000763b6e3a8}> (0x0000000763b6e3a8) 
thrown [./open/src/hotspot/share/prims/jni.cpp, line 578]
Event: 9031.078 Thread 0x00000257b9415740 Exception <a 'sun/nio/fs/WindowsException'{0x0000000763b6ea88}> (0x0000000763b6ea88) 
thrown [./open/src/hotspot/share/prims/jni.cpp, line 578]
Event: 9031.092 Thread 0x00000257b9415740 Implicit null exception at 0x00000257a89bf633 to 0x00000257a89bf64f
Event: 9032.479 Thread 0x00000257b9415740 Exception <a 'java/io/FileNotFoundException'{0x0000000763ba8470}> (0x0000000763ba8470) 
thrown [./open/src/hotspot/share/prims/jni.cpp, line 578]
Event: 9032.568 Thread 0x00000257b9415740 Exception <a 'java/io/FileNotFoundException'{0x0000000763940a28}> (0x0000000763940a28) 
thrown [./open/src/hotspot/share/prims/jni.cpp, line 578]

Events (20 events):
Event: 9029.467 Thread 0x00000257b8473a10 flushing nmethod 0x00000257a22c7f90
Event: 9029.557 Thread 0x00000257c0866550 Thread added: 0x00000257c0866550
Event: 9029.579 Thread 0x00000257c0866550 Thread exited: 0x00000257c0866550
Event: 9029.867 Executing VM operation: ICBufferFull
Event: 9029.867 Executing VM operation: ICBufferFull done
Event: 9029.867 Executing VM operation: HandshakeAllThreads
Event: 9029.868 Executing VM operation: HandshakeAllThreads done
Event: 9030.589 Executing VM operation: G1CollectForAllocation
Event: 9030.596 Executing VM operation: G1CollectForAllocation done
Event: 9030.801 Executing VM operation: G1CollectForAllocation
Event: 9030.807 Executing VM operation: G1CollectForAllocation done
Event: 9030.923 Thread 0x00000257bcea34c0 Thread exited: 0x00000257bcea34c0
Event: 9032.481 Loaded shared library C:\Program Files\Java\jdk-15.0.2\bin\zip.dll
Event: 9032.578 Thread 0x00000257bd023b30 Thread added: 0x00000257bd023b30
Event: 9032.578 Thread 0x00000257bd024000 Thread added: 0x00000257bd024000
Event: 9032.579 Thread 0x00000257bd0249a0 Thread added: 0x00000257bd0249a0
Event: 9032.593 Executing VM operation: G1CollectForAllocation
Event: 9032.597 Executing VM operation: G1CollectForAllocation done
Event: 9032.597 Executing VM operation: HandshakeAllThreads
Event: 9032.602 Executing VM operation: HandshakeAllThreads done


Dynamic libraries:
0x00007ff6bab40000 - 0x00007ff6bab4f000 	C:\Program Files\Java\jdk-15.0.2\bin\java.exe
0x00007fffbf900000 - 0x00007fffbfaed000 	C:\windows\SYSTEM32\ntdll.dll
0x00007fffbef00000 - 0x00007fffbefb3000 	C:\windows\System32\KERNEL32.DLL
0x00007fffbbc60000 - 0x00007fffbbef5000 	C:\windows\System32\KERNELBASE.dll
0x00007fffbca20000 - 0x00007fffbcb1a000 	C:\windows\System32\ucrtbase.dll
0x00007fffb9670000 - 0x00007fffb9688000 	C:\Program Files\Java\jdk-15.0.2\bin\jli.dll
0x00007fffb56d0000 - 0x00007fffb56e9000 	C:\Program Files\Java\jdk-15.0.2\bin\VCRUNTIME140.dll
0x00007fffbd1a0000 - 0x00007fffbd243000 	C:\windows\System32\ADVAPI32.dll
0x00007fffbf830000 - 0x00007fffbf8ce000 	C:\windows\System32\msvcrt.dll
0x00007fffbe890000 - 0x00007fffbe92e000 	C:\windows\System32\sechost.dll
0x00007fffbe930000 - 0x00007fffbea52000 	C:\windows\System32\RPCRT4.dll
0x00007fffbec60000 - 0x00007fffbedf7000 	C:\windows\System32\USER32.dll
0x00007fffbc8d0000 - 0x00007fffbc8f0000 	C:\windows\System32\win32u.dll
0x00007fff9daa0000 - 0x00007fff9dd19000 	C:\windows\WinSxS\amd64_microsoft.windows.common-controls_6595b64144ccf1df_6.0.17763.1577_none_de7444545348a3d0\COMCTL32.dll
0x00007fffbe860000 - 0x00007fffbe889000 	C:\windows\System32\GDI32.dll
0x00007fffbce70000 - 0x00007fffbd19d000 	C:\windows\System32\combase.dll
0x00007fffbc6b0000 - 0x00007fffbc84c000 	C:\windows\System32\gdi32full.dll
0x00007fffbc9a0000 - 0x00007fffbca1e000 	C:\windows\System32\bcryptPrimitives.dll
0x00007fffbb9b0000 - 0x00007fffbba50000 	C:\windows\System32\msvcp_win.dll
0x00007fffb6060000 - 0x00007fffb606a000 	C:\windows\SYSTEM32\VERSION.dll
0x00007fffbee00000 - 0x00007fffbee2e000 	C:\windows\System32\IMM32.DLL
0x00007fffb7f80000 - 0x00007fffb7f8c000 	C:\Program Files\Java\jdk-15.0.2\bin\vcruntime140_1.dll
0x00007fffb5630000 - 0x00007fffb56c1000 	C:\Program Files\Java\jdk-15.0.2\bin\msvcp140.dll
0x00007fff306a0000 - 0x00007fff311fe000 	C:\Program Files\Java\jdk-15.0.2\bin\server\jvm.dll
0x00007fffbf800000 - 0x00007fffbf808000 	C:\windows\System32\PSAPI.DLL
0x00007fffb9520000 - 0x00007fffb9544000 	C:\windows\SYSTEM32\WINMM.dll
0x00007fffac0c0000 - 0x00007fffac0c9000 	C:\windows\SYSTEM32\WSOCK32.dll
0x00007fffbea60000 - 0x00007fffbeacd000 	C:\windows\System32\WS2_32.dll
0x00007fffb90a0000 - 0x00007fffb90cd000 	C:\windows\SYSTEM32\WINMMBASE.dll
0x00007fffbc660000 - 0x00007fffbc6aa000 	C:\windows\System32\cfgmgr32.dll
0x00007fffbb8e0000 - 0x00007fffbb8f1000 	C:\windows\System32\kernel.appcore.dll
0x00007fffb6fa0000 - 0x00007fffb6faa000 	C:\Program Files\Java\jdk-15.0.2\bin\jimage.dll
0x00007fffaa630000 - 0x00007fffaa81d000 	C:\windows\SYSTEM32\DBGHELP.DLL
0x00007fffaa600000 - 0x00007fffaa62a000 	C:\windows\SYSTEM32\dbgcore.DLL
0x00007fffb6f60000 - 0x00007fffb6f6e000 	C:\Program Files\Java\jdk-15.0.2\bin\instrument.dll
0x00007fffb5600000 - 0x00007fffb5625000 	C:\Program Files\Java\jdk-15.0.2\bin\java.dll
0x00007fffbd360000 - 0x00007fffbe859000 	C:\windows\System32\SHELL32.dll
0x00007fffbd2b0000 - 0x00007fffbd358000 	C:\windows\System32\shcore.dll
0x00007fffbbf00000 - 0x00007fffbc653000 	C:\windows\System32\windows.storage.dll
0x00007fffbb900000 - 0x00007fffbb924000 	C:\windows\System32\profapi.dll
0x00007fffbb930000 - 0x00007fffbb98d000 	C:\windows\System32\powrprof.dll
0x00007fffbeb80000 - 0x00007fffbebd2000 	C:\windows\System32\shlwapi.dll
0x00007fffbc850000 - 0x00007fffbc867000 	C:\windows\System32\cryptsp.dll
0x00007fffb55a0000 - 0x00007fffb55b8000 	C:\Program Files\Java\jdk-15.0.2\bin\zip.dll
0x00007fffb55e0000 - 0x00007fffb55f9000 	C:\Program Files\Java\jdk-15.0.2\bin\net.dll
0x00007fffb5e90000 - 0x00007fffb5f84000 	C:\windows\SYSTEM32\WINHTTP.dll
0x00007fffbb0f0000 - 0x00007fffbb157000 	C:\windows\system32\mswsock.dll
0x00007fffb55c0000 - 0x00007fffb55d2000 	C:\Program Files\Java\jdk-15.0.2\bin\nio.dll
0x00007fffb5580000 - 0x00007fffb559a000 	C:\Users\SERGIO\AppData\Local\JetBrains\Toolbox\apps\IDEA-C\ch-0\212.5457.46\bin\breakgen64.dll
0x00007fffb5a60000 - 0x00007fffb5a70000 	C:\Program Files\Java\jdk-15.0.2\bin\verify.dll
0x00007fffb5570000 - 0x00007fffb5579000 	C:\Program Files\Java\jdk-15.0.2\bin\management.dll
0x00007fffb5560000 - 0x00007fffb556b000 	C:\Program Files\Java\jdk-15.0.2\bin\management_ext.dll
0x00007fffa8230000 - 0x00007fffa8246000 	C:\windows\system32\napinsp.dll
0x00007fffa7cb0000 - 0x00007fffa7cca000 	C:\windows\system32\pnrpnsp.dll
0x00007fffbae50000 - 0x00007fffbaf16000 	C:\windows\SYSTEM32\DNSAPI.dll
0x00007fffbefc0000 - 0x00007fffbefc8000 	C:\windows\System32\NSI.dll
0x00007fffbae10000 - 0x00007fffbae4d000 	C:\windows\SYSTEM32\IPHLPAPI.DLL
0x00007fffa64e0000 - 0x00007fffa64ee000 	C:\windows\System32\winrnr.dll
0x00007fffb7d30000 - 0x00007fffb7d4b000 	C:\windows\system32\NLAapi.dll
0x00007fffb2550000 - 0x00007fffb2565000 	C:\windows\system32\wshbth.dll
0x00007fffae680000 - 0x00007fffae68a000 	C:\Windows\System32\rasadhlp.dll
0x00007fffae8c0000 - 0x00007fffae939000 	C:\windows\System32\fwpuclnt.dll
0x00007fffbbc30000 - 0x00007fffbbc56000 	C:\windows\System32\bcrypt.dll
0x00007fffbac70000 - 0x00007fffbaca3000 	C:\windows\system32\rsaenh.dll
0x00007fffbb810000 - 0x00007fffbb839000 	C:\windows\SYSTEM32\USERENV.dll
0x00007fffbb2c0000 - 0x00007fffbb2cc000 	C:\windows\SYSTEM32\CRYPTBASE.dll
0x00007fffb2450000 - 0x00007fffb2466000 	C:\windows\SYSTEM32\dhcpcsvc6.DLL
0x00007fffb2ad0000 - 0x00007fffb2aec000 	C:\windows\SYSTEM32\dhcpcsvc.DLL
0x00007fffb5550000 - 0x00007fffb555d000 	C:\Program Files\Java\jdk-15.0.2\bin\sunmscapi.dll
0x00007fffbba50000 - 0x00007fffbbc2c000 	C:\windows\System32\CRYPT32.dll
0x00007fffbb990000 - 0x00007fffbb9a2000 	C:\windows\System32\MSASN1.dll
0x00007fffbb3c0000 - 0x00007fffbb3e6000 	C:\windows\SYSTEM32\ncrypt.dll
0x00007fffbb380000 - 0x00007fffbb3bc000 	C:\windows\SYSTEM32\NTASN1.dll

dbghelp: loaded successfully - version: 4.0.5 - missing functions: none
symbol engine: initialized successfully - sym options: 0x614 - pdb path: .;C:\Program Files\Java\jdk-15.0.2\bin;C:\windows\SYSTEM32;C:\windows\WinSxS\amd64_microsoft.windows.common-controls_6595b64144ccf1df_6.0.17763.1577_none_de7444545348a3d0;C:\Program Files\Java\jdk-15.0.2\bin\server;C:\Users\SERGIO\AppData\Local\JetBrains\Toolbox\apps\IDEA-C\ch-0\212.5457.46\bin

VM Arguments:
jvm_args: -javaagent:C:\Users\SERGIO\AppData\Local\JetBrains\Toolbox\apps\IDEA-C\ch-0\212.5457.46\lib\idea_rt.jar=54106:C:\Users\SERGIO\AppData\Local\JetBrains\Toolbox\apps\IDEA-C\ch-0\212.5457.46\bin -Dfile.encoding=UTF-8 
java_command: pe.edu.upc.Easyjob.EasyjobApplication
java_class_path (initial): C:\Users\SERGIO\Desktop\Open Source\Backend Open Source\Easyjob\target\classes;C:\Users\SERGIO\.m2\repository\org\springframework\boot\spring-boot-starter-data-jpa\2.5.5\spring-boot-starter-data-jpa-2.5.5.jar;C:\Users\SERGIO\.m2\repository\org\springframework\boot\spring-boot-starter-aop\2.5.5\spring-boot-starter-aop-2.5.5.jar;C:\Users\SERGIO\.m2\repository\org\springframework\spring-aop\5.3.10\spring-aop-5.3.10.jar;C:\Users\SERGIO\.m2\repository\org\aspectj\aspectjweaver\1.9.7\aspectjweaver-1.9.7.jar;C:\Users\SERGIO\.m2\repository\org\springframework\boot\spring-boot-starter-jdbc\2.5.5\spring-boot-starter-jdbc-2.5.5.jar;C:\Users\SERGIO\.m2\repository\com\zaxxer\HikariCP\4.0.3\HikariCP-4.0.3.jar;C:\Users\SERGIO\.m2\repository\org\springframework\spring-jdbc\5.3.10\spring-jdbc-5.3.10.jar;C:\Users\SERGIO\.m2\repository\jakarta\transaction\jakarta.transaction-api\1.3.3\jakarta.transaction-api-1.3.3.jar;C:\Users\SERGIO\.m2\repository\jakarta\persistence\jakarta.persistence-api\2.2.3\jakarta.persistence-api-2.2.3.jar;C:\Users\SERGIO\.m2\repository\org\hibernate\hibernate-core\5.4.32.Final\hibernate-core-5.4.32.Final.jar;C:\Users\SERGIO\.m2\repository\org\jboss\logging\jboss-logging\3.4.2.Final\jboss-logging-3.4.2.Final.jar;C:\Users\SERGIO\.m2\repository\org\javassist\javassist\3.27.0-GA\javassist-3.27.0-GA.jar;C:\Users\SERGIO\.m2\repository\net\bytebuddy\byte-buddy\1.10.22\byte-buddy-1.10.22.jar;C:\Users\SERGIO\.m2\repository\antlr\antlr\2.7.7\antlr-2.7.7.jar;C:\Users\SERGIO\.m2\repository\org\jboss\jandex\2.2.3.Final\jandex-2.2.3.Final.jar;C:\Users\SERGIO\.m2\repository\com\fasterxml\classmate\1.5.1\classmate-1.5.1.jar;C:\Users\SERGIO\.m2\repository\org\dom4j\dom4j\2.1.3\dom4j-2.1.3.jar;C:\Users\SERGIO\.m2\repository\org\hibernate\common\hibernate-commons-annotations\5.1.2.Final\hibernate-commons-annotations-5.1.2.Final.jar;C:\Users\SERGIO\.m2\repository\org\glassfish\jaxb\jaxb-runtime\2.3.5\jaxb-runtime-2.3.5.jar;C:\Users\SERGIO\.m2\reposit
Launcher Type: SUN_STANDARD

[Global flags]
     intx CICompilerCount                          = 4                                         {product} {ergonomic}
     uint ConcGCThreads                            = 2                                         {product} {ergonomic}
     uint G1ConcRefinementThreads                  = 8                                         {product} {ergonomic}
   size_t G1HeapRegionSize                         = 2097152                                   {product} {ergonomic}
    uintx GCDrainStackTargetSize                   = 64                                        {product} {ergonomic}
   size_t InitialHeapSize                          = 167772160                                 {product} {ergonomic}
   size_t MarkStackSize                            = 4194304                                   {product} {ergonomic}
   size_t MaxHeapSize                              = 2669674496                                {product} {ergonomic}
   size_t MaxNewSize                               = 1600126976                                {product} {ergonomic}
   size_t MinHeapDeltaBytes                        = 2097152                                   {product} {ergonomic}
   size_t MinHeapSize                              = 8388608                                   {product} {ergonomic}
    uintx NonNMethodCodeHeapSize                   = 5839372                                {pd product} {ergonomic}
    uintx NonProfiledCodeHeapSize                  = 122909434                              {pd product} {ergonomic}
    uintx ProfiledCodeHeapSize                     = 122909434                              {pd product} {ergonomic}
    uintx ReservedCodeCacheSize                    = 251658240                              {pd product} {ergonomic}
     bool SegmentedCodeCache                       = true                                      {product} {ergonomic}
   size_t SoftMaxHeapSize                          = 2669674496                             {manageable} {ergonomic}
     bool UseCompressedClassPointers               = true                                 {lp64_product} {ergonomic}
     bool UseCompressedOops                        = true                                 {lp64_product} {ergonomic}
     bool UseG1GC                                  = true                                      {product} {ergonomic}
     bool UseLargePagesIndividualAllocation        = false                                  {pd product} {ergonomic}

Logging:
Log output configuration:
 #0: stdout all=warning uptime,level,tags
 #1: stderr all=off uptime,level,tags

Environment Variables:
JAVA_HOME=C:\Program Files\Java\jdk-15.0.2
PATH=C:\Program Files\Common Files\Oracle\Java\javapath;C:\ProgramData\Oracle\Java\javapath;C:\windows\system32;C:\windows;C:\windows\System32\Wbem;C:\windows\System32\WindowsPowerShell\v1.0\;C:\windows\System32\OpenSSH\;%USERPROFILE%\.dnx\bin;C:\Program Files\Microsoft DNX\Dnvm\;C:\Program Files (x86)\Windows Kits\8.1\Windows Performance Toolkit\;C:\Program Files\Microsoft SQL Server\120\Tools\Binn\;C:\Program Files (x86)\Pinnacle\Shared Files\;C:\Program Files\Microsoft SQL Server\Client SDK\ODBC\170\Tools\Binn\;C:\Program Files (x86)\Microsoft SQL Server\150\Tools\Binn\;C:\Program Files\Microsoft SQL Server\150\Tools\Binn\;C:\Program Files\Microsoft SQL Server\150\DTS\Binn\;C:\Program Files (x86)\Microsoft SQL Server\150\DTS\Binn\;C:\Program Files\Azure Data Studio\bin;C:\Program Files\dotnet\;C:\Program Files\Microsoft SQL Server\130\Tools\Binn\;C:\Program Files (x86)\nodejs\;C:\Program Files\Git\cmd;C:\Program Files\Java\jdk-15.0.2\bin;C:\Users\SERGIO\Desktop\Open Source\apache-maven-3.8.3\bin;C:\Users\SERGIO\AppData\Local\Microsoft\WindowsApps;D:\Visual Studio Code\Microsoft VS Code\bin;C:\Users\SERGIO\.dotnet\tools;C:\Users\SERGIO\AppData\Roaming\npm;C:\Users\SERGIO\AppData\Local\GitHubDesktop\bin
USERNAME=SERGIO
OS=Windows_NT
PROCESSOR_IDENTIFIER=AMD64 Family 23 Model 24 Stepping 1, AuthenticAMD



---------------  S Y S T E M  ---------------

OS:
 Windows 10 , 64 bit Build 17763 (10.0.17763.475)
OS uptime: 0 days 10:50 hours

CPU: total 8 (initial active 8) (8 cores per cpu, 2 threads per core) family 23 model 24 stepping 1 microcode 0x0, cmov, cx8, fxsr, mmx, sse, sse2, sse3, ssse3, sse4.1, sse4.2, popcnt, vzeroupper, avx, avx2, aes, clmul, 3dnowpref, lzcnt, sse4a, ht, tsc, tscinvbit, tscinv, bmi1, bmi2, adx, sha, fma, clflush, clflushopt

Memory: 4k page, system-wide physical 10178M (359M free)
TotalPageFile size 40898M (AvailPageFile size 4M)
current process WorkingSet (physical memory assigned to process): 270M, peak: 281M
current process commit charge ("private bytes"): 338M, peak: 349M

vm_info: Java HotSpot(TM) 64-Bit Server VM (15.0.2+7-27) for windows-amd64 JRE (15.0.2+7-27), built on Dec  7 2020 20:07:01 by "mach5one" with unknown MS VC++:1925

END.
